<!DOCTYPE html PUBLIC "-//W3C//DTD XHTML 1.1//EN" "https://www.w3.org/TR/xhtml11/DTD/xhtml11.dtd">
<!-- saved from url=(0089)file:///C:/Users/Lenovo/Documents/TestLeaf/MavenProject/test-output/emailable-report.html -->
<html xmlns="https://www.w3.org/1999/xhtml"><head><meta http-equiv="Content-Type" content="text/html; charset=UTF-8">

<title>TestNG Report</title>
<style type="text/css">table {margin-bottom:10px;border-collapse:collapse;empty-cells:show}th,td {border:1px solid #009;padding:.25em .5em}th {vertical-align:bottom}td {vertical-align:top}table a {font-weight:bold}.stripe td {background-color: #E6EBF9}.num {text-align:right}.passedodd td {background-color: #3F3}.passedeven td {background-color: #0A0}.skippedodd td {background-color: #DDD}.skippedeven td {background-color: #CCC}.failedodd td,.attn {background-color: #F33}.failedeven td,.stripe .attn {background-color: #D00}.stacktrace {white-space:pre;font-family:monospace}.totop {font-size:85%;text-align:center;border-bottom:2px solid #000}.invisible {display:none}</style>
</head>
<body>
<table>
<tbody><tr><th>Test</th><th># Passed</th><th># Skipped</th><th># Retried</th><th># Failed</th><th>Time (ms)</th><th>Included Groups</th><th>Excluded Groups</th></tr>
<tr><th colspan="8">LeafTapsSequential</th></tr>
<tr><td><a href="file:///C:/Users/Lenovo/Documents/TestLeaf/MavenProject/test-output/emailable-report.html#t0">Sequential</a></td><td class="num">3</td><td class="num">0</td><td class="num">0</td><td class="num attn">2</td><td class="num">127,771</td><td></td><td></td></tr>
</tbody></table>
<table id="summary"><thead><tr><th>Class</th><th>Method</th><th>Start</th><th>Time (ms)</th></tr></thead><tbody><tr><th colspan="4">LeafTapsSequential</th></tr></tbody><tbody id="t0"><tr><th colspan="4">Sequential — failed</th></tr><tr class="failedeven"><td rowspan="1">testcase.DeleteLead</td><td><a href="file:///C:/Users/Lenovo/Documents/TestLeaf/MavenProject/test-output/emailable-report.html#m0">runDeleteLead</a></td><td rowspan="1">1664635255020</td><td rowspan="1">30139</td></tr><tr class="failedodd"><td rowspan="1">testcase.MergeLead</td><td><a href="file:///C:/Users/Lenovo/Documents/TestLeaf/MavenProject/test-output/emailable-report.html#m1">runMerggeLead</a></td><td rowspan="1">1664635308135</td><td rowspan="1">34614</td></tr><tr><th colspan="4">Sequential — passed</th></tr><tr class="passedeven"><td rowspan="1">testcase.CreateLead</td><td><a href="file:///C:/Users/Lenovo/Documents/TestLeaf/MavenProject/test-output/emailable-report.html#m2">runCreatelead</a></td><td rowspan="1">1664635224717</td><td rowspan="1">7966</td></tr><tr class="passedodd"><td rowspan="1">testcase.DuplicateLead</td><td><a href="file:///C:/Users/Lenovo/Documents/TestLeaf/MavenProject/test-output/emailable-report.html#m3">runDuplicateLead</a></td><td rowspan="1">1664635290651</td><td rowspan="1">12194</td></tr><tr class="passedeven"><td rowspan="1">testcase.EditLead</td><td><a href="file:///C:/Users/Lenovo/Documents/TestLeaf/MavenProject/test-output/emailable-report.html#m4">runEditlead</a></td><td rowspan="1">1664635238263</td><td rowspan="1">11027</td></tr></tbody>
</table>
<h2>Sequential</h2><h3 id="m0">testcase.DeleteLead#runDeleteLead</h3><table class="result"><tbody><tr><th>Exception</th></tr><tr><td><div class="stacktrace">org.openqa.selenium.NoSuchElementException: no such element: Unable to locate element: {"method":"link text","selector":"Find Leads"}
  (Session info: chrome=106.0.5249.91)
For documentation on this error, please visit: https://selenium.dev/exceptions/#no_such_element
Build info: version: '4.0.0', revision: '3a21814679'
System info: host: 'DESKTOP-J81GBTP', ip: '192.168.0.168', os.name: 'Windows 10', os.arch: 'amd64', os.version: '10.0', java.version: '16.0.1'
Driver info: org.openqa.selenium.chrome.ChromeDriver
Command: [5a162fd2a03c54e1678096c850e9487f, findElement {using=link text, value=Find Leads}]
Capabilities {acceptInsecureCerts: false, browserName: chrome, browserVersion: 106.0.5249.91, chrome: {chromedriverVersion: 106.0.5249.61 (511755355844..., userDataDir: C:\Users\Lenovo\AppData\Loc...}, goog:chromeOptions: {debuggerAddress: localhost:63357}, javascriptEnabled: true, networkConnectionEnabled: false, pageLoadStrategy: normal, platform: WINDOWS, platformName: WINDOWS, proxy: Proxy(), se:cdp: ws://localhost:63357/devtoo..., se:cdpVersion: 106.0.5249.91, setWindowRect: true, strictFileInteractability: false, timeouts: {implicit: 0, pageLoad: 300000, script: 30000}, unhandledPromptBehavior: dismiss and notify, webauthn:extension:credBlob: true, webauthn:extension:largeBlob: true, webauthn:virtualAuthenticators: true}
Session ID: 5a162fd2a03c54e1678096c850e9487f
	at org.openqa.selenium.remote.codec.w3c.W3CHttpResponseCodec.createException(W3CHttpResponseCodec.java:200)
	at org.openqa.selenium.remote.codec.w3c.W3CHttpResponseCodec.decode(W3CHttpResponseCodec.java:133)
	at org.openqa.selenium.remote.codec.w3c.W3CHttpResponseCodec.decode(W3CHttpResponseCodec.java:53)
	at org.openqa.selenium.remote.HttpCommandExecutor.execute(HttpCommandExecutor.java:184)
	at org.openqa.selenium.remote.service.DriverCommandExecutor.invokeExecute(DriverCommandExecutor.java:164)
	at org.openqa.selenium.remote.service.DriverCommandExecutor.execute(DriverCommandExecutor.java:139)
	at org.openqa.selenium.remote.RemoteWebDriver.execute(RemoteWebDriver.java:559)
	at org.openqa.selenium.remote.ElementLocation$ElementFinder$2.findElement(ElementLocation.java:162)
	at org.openqa.selenium.remote.ElementLocation.findElement(ElementLocation.java:60)
	at org.openqa.selenium.remote.RemoteWebDriver.findElement(RemoteWebDriver.java:383)
	at org.openqa.selenium.remote.RemoteWebDriver.findElement(RemoteWebDriver.java:375)
	at testcase.DeleteLead.runDeleteLead(DeleteLead.java:15)
	at java.base/java.util.ArrayList.forEach(ArrayList.java:1511)
... Removed 32 stack frames</div></td></tr></tbody></table><p class="totop"><a href="file:///C:/Users/Lenovo/Documents/TestLeaf/MavenProject/test-output/emailable-report.html#summary">back to summary</a></p>
<h3 id="m1">testcase.MergeLead#runMerggeLead</h3><table class="result"><tbody><tr><th>Exception</th></tr><tr><td><div class="stacktrace">org.openqa.selenium.NoSuchElementException: no such element: Unable to locate element: {"method":"xpath","selector":"//div[@class='x-grid3-cell-inner x-grid3-col-partyId']/a"}
  (Session info: chrome=106.0.5249.91)
For documentation on this error, please visit: https://selenium.dev/exceptions/#no_such_element
Build info: version: '4.0.0', revision: '3a21814679'
System info: host: 'DESKTOP-J81GBTP', ip: '192.168.0.168', os.name: 'Windows 10', os.arch: 'amd64', os.version: '10.0', java.version: '16.0.1'
Driver info: org.openqa.selenium.chrome.ChromeDriver
Command: [cce4f9fcdec1f8535bb0d6a3ff191326, findElement {using=xpath, value=//div[@class='x-grid3-cell-inner x-grid3-col-partyId']/a}]
Capabilities {acceptInsecureCerts: false, browserName: chrome, browserVersion: 106.0.5249.91, chrome: {chromedriverVersion: 106.0.5249.61 (511755355844..., userDataDir: C:\Users\Lenovo\AppData\Loc...}, goog:chromeOptions: {debuggerAddress: localhost:63471}, javascriptEnabled: true, networkConnectionEnabled: false, pageLoadStrategy: normal, platform: WINDOWS, platformName: WINDOWS, proxy: Proxy(), se:cdp: ws://localhost:63471/devtoo..., se:cdpVersion: 106.0.5249.91, setWindowRect: true, strictFileInteractability: false, timeouts: {implicit: 0, pageLoad: 300000, script: 30000}, unhandledPromptBehavior: dismiss and notify, webauthn:extension:credBlob: true, webauthn:extension:largeBlob: true, webauthn:virtualAuthenticators: true}
Session ID: cce4f9fcdec1f8535bb0d6a3ff191326
	at org.openqa.selenium.remote.codec.w3c.W3CHttpResponseCodec.createException(W3CHttpResponseCodec.java:200)
	at org.openqa.selenium.remote.codec.w3c.W3CHttpResponseCodec.decode(W3CHttpResponseCodec.java:133)
	at org.openqa.selenium.remote.codec.w3c.W3CHttpResponseCodec.decode(W3CHttpResponseCodec.java:53)
	at org.openqa.selenium.remote.HttpCommandExecutor.execute(HttpCommandExecutor.java:184)
	at org.openqa.selenium.remote.service.DriverCommandExecutor.invokeExecute(DriverCommandExecutor.java:164)
	at org.openqa.selenium.remote.service.DriverCommandExecutor.execute(DriverCommandExecutor.java:139)
	at org.openqa.selenium.remote.RemoteWebDriver.execute(RemoteWebDriver.java:559)
	at org.openqa.selenium.remote.ElementLocation$ElementFinder$2.findElement(ElementLocation.java:162)
	at org.openqa.selenium.remote.ElementLocation.findElement(ElementLocation.java:60)
	at org.openqa.selenium.remote.RemoteWebDriver.findElement(RemoteWebDriver.java:383)
	at org.openqa.selenium.remote.RemoteWebDriver.findElement(RemoteWebDriver.java:375)
	at testcase.MergeLead.runMerggeLead(MergeLead.java:28)
	at java.base/java.util.ArrayList.forEach(ArrayList.java:1511)
... Removed 32 stack frames</div></td></tr></tbody></table><p class="totop"><a href="file:///C:/Users/Lenovo/Documents/TestLeaf/MavenProject/test-output/emailable-report.html#summary">back to summary</a></p>
<h3 id="m2">testcase.CreateLead#runCreatelead</h3><table class="result"><tbody><tr><th class="invisible"></th></tr></tbody></table><p class="totop"><a href="file:///C:/Users/Lenovo/Documents/TestLeaf/MavenProject/test-output/emailable-report.html#summary">back to summary</a></p>
<h3 id="m3">testcase.DuplicateLead#runDuplicateLead</h3><table class="result"><tbody><tr><th class="invisible"></th></tr></tbody></table><p class="totop"><a href="file:///C:/Users/Lenovo/Documents/TestLeaf/MavenProject/test-output/emailable-report.html#summary">back to summary</a></p>
<h3 id="m4">testcase.EditLead#runEditlead</h3><table class="result"><tbody><tr><th class="invisible"></th></tr></tbody></table><p class="totop"><a href="file:///C:/Users/Lenovo/Documents/TestLeaf/MavenProject/test-output/emailable-report.html#summary">back to summary</a></p>


</body></html>